app/build/outputs/logs/manifest-merger-debug-report.txt
-- Merging decision tree log ---
manifest
ADDED from src\main\AndroidManifest.xml:2:1-34:12
	package
		ADDED from src\main\AndroidManifest.xml:3:2-38
		INJECTED from src\main\AndroidManifest.xml
		INJECTED from src\main\AndroidManifest.xml
	android:versionName
		ADDED from src\main\AndroidManifest.xml:5:2-27
		INJECTED from src\main\AndroidManifest.xml
		INJECTED from src\main\AndroidManifest.xml
	android:versionCode
		ADDED from src\main\AndroidManifest.xml:4:2-25
		INJECTED from src\main\AndroidManifest.xml
		INJECTED from src\main\AndroidManifest.xml
	xmlns:android
		ADDED from src\main\AndroidManifest.xml:2:11-69
application
ADDED from src\main\AndroidManifest.xml:7:2-26:16
	android:label
		ADDED from src\main\AndroidManifest.xml:9:9-41
	android:uiOptions
		ADDED from src\main\AndroidManifest.xml:8:6-51
	android:theme
		ADDED from src\main\AndroidManifest.xml:7:16-47
activity#com.wickham.android.splash.SplashActivity
ADDED from src\main\AndroidManifest.xml:11:2-20:13
	android:screenOrientation
		ADDED from src\main\AndroidManifest.xml:13:5-41
	android:label
		ADDED from src\main\AndroidManifest.xml:12:14-46
	android:name
		ADDED from src\main\AndroidManifest.xml:11:13-69
intent-filter#android.intent.action.MAIN+android.intent.category.LAUNCHER
ADDED from src\main\AndroidManifest.xml:16:14-19:30
action#android.intent.action.MAIN
ADDED from src\main\AndroidManifest.xml:17:15-67
	android:name
		ADDED from src\main\AndroidManifest.xml:17:23-64
category#android.intent.category.LAUNCHER
ADDED from src\main\AndroidManifest.xml:18:15-75
	android:name
		ADDED from src\main\AndroidManifest.xml:18:25-72
activity#com.wickham.android.splash.MainActivity
ADDED from src\main\AndroidManifest.xml:22:2-24:46
	android:screenOrientation
		ADDED from src\main\AndroidManifest.xml:24:8-44
	android:uiOptions
		ADDED from src\main\AndroidManifest.xml:23:8-52
	android:name
		ADDED from src\main\AndroidManifest.xml:22:12-66
uses-sdk
ADDED from src\main\AndroidManifest.xml:28:2-29:40
	android:targetSdkVersion
		ADDED from src\main\AndroidManifest.xml:29:8-37
		INJECTED from src\main\AndroidManifest.xml
		INJECTED from src\main\AndroidManifest.xml
	android:minSdkVersion
		ADDED from src\main\AndroidManifest.xml:28:13-39
		INJECTED from src\main\AndroidManifest.xml
		INJECTED from src\main\AndroidManifest.xml
uses-permission#android.permission.INTERNET
ADDED from src\main\AndroidManifest.xml:31:2-64
	android:name
		ADDED from src\main\AndroidManifest.xml:31:19-61
uses-permission#android.permission.WRITE_EXTERNAL_STORAGE
ADDED from src\main\AndroidManifest.xml:32:2-77
	android:name
		ADDED from src\main\AndroidManifest.xml:32:19-75
uses-permission#android.permission.ACCESS_NETWORK_STATE
ADDED from src\main\AndroidManifest.xml:33:2-75
	android:name
		ADDED from src\main\AndroidManifest.xml:33:19-73